Fri Oct  1 20:47:05 2021: The directory /var/www/html/test was created
Fri Oct  1 20:47:24 2021: The directory /var/www/html/test was deleted
Fri Oct  1 20:48:41 2021: The directory /var/www/html/test was created
Fri Oct  1 20:48:50 2021: The directory /var/www/html/test was deleted
Sun Oct  3 18:41:46 2021: The file /etc/a was created
Sun Oct  3 18:41:46 2021: The file /etc/a was attribute was changed
Sun Oct  3 18:42:04 2021: The file /etc/a was deleted
Sun Oct  3 18:42:36 2021: The file /etc/a was created
Sun Oct  3 18:42:36 2021: The file /etc/a was attribute was changed
Sun Oct  3 18:44:42 2021: The file /etc/a was attribute was changed
Sun Oct  3 18:44:45 2021: The file /etc/a was deleted
Sun Oct  3 22:56:35 2021: The file /etc/a was created
Sun Oct  3 22:56:35 2021: The file /etc/a was attribute was changed
Sun Oct  3 22:56:37 2021: The file /etc/a was deleted
Sun Oct  3 22:56:41 2021: The file /var/www/html/a was created
Sun Oct  3 22:56:41 2021: The file /var/www/html/a was attribute was changed
Sun Oct  3 22:56:43 2021: The file /var/www/html/a was deleted
Sun Oct  3 22:56:48 2021: The directory /var/www/html/a was created
Sun Oct  3 22:56:52 2021: The directory /var/www/html/a was deleted
Sun Oct  3 22:57:11 2021: The directory /var/www/html/tes was created
Sun Oct  3 22:57:36 2021: The directory /var/www/html/tes was deleted
Sun Oct  3 22:57:36 2021: The directory /var/www/html/testing was deleted
Sun Oct  3 22:57:50 2021: The directory /var/www/html/testing was created
Sun Oct  3 22:58:06 2021: The directory /var/www/html/test was created
Sun Oct  3 22:58:12 2021: The directory /var/www/html/test was deleted
Sun Oct  3 22:58:12 2021: The directory /var/www/html/testing was deleted
Sun Oct  3 23:00:01 2021: The file /etc/a was created
Sun Oct  3 23:00:07 2021: The file /etc/a was deleted
Sun Oct  3 23:01:17 2021: The file /etc/a was created
Sun Oct  3 23:01:17 2021: The file /etc/a was attribute was changed
Sun Oct  3 23:01:22 2021: The file /etc/a was deleted
Tue Oct  5 14:29:19 2021: The directory /var/www/html/test was created
Tue Oct  5 14:29:30 2021: The directory /var/www/html/test was deleted
Tue Oct  5 18:22:46 2021: The directory /var/www/html/test was created
Tue Oct  5 18:22:53 2021: The directory /var/www/html/test was deleted
Tue Oct  5 18:23:05 2021: The file /var/www/html/a was created
Tue Oct  5 18:23:24 2021: The file /etc/a was created
Tue Oct  5 18:23:58 2021: The file /var/www/html/a was modified
Tue Oct  5 18:23:59 2021: The file /etc/a was modified
Tue Oct  5 18:23:59 2021: The file /var/www/html/a was modified
Tue Oct  5 18:23:59 2021: The file /etc/a was modified
Tue Oct  5 18:23:59 2021: The file /var/www/html/a was modified
Tue Oct  5 18:24:00 2021: The file /etc/a was modified
Tue Oct  5 18:24:00 2021: The file /var/www/html/a was modified
Tue Oct  5 18:24:00 2021: The file /etc/a was modified
Tue Oct  5 18:24:00 2021: The file /var/www/html/a was modified
Tue Oct  5 18:24:01 2021: The file /etc/a was modified
Tue Oct  5 18:24:01 2021: The file /var/www/html/a was modified
Tue Oct  5 18:24:01 2021: The file /etc/a was modified
Tue Oct  5 18:24:01 2021: The file /var/www/html/a was modified
Tue Oct  5 18:24:02 2021: The file /etc/a was modified
Tue Oct  5 18:24:02 2021: The file /var/www/html/a was modified
Tue Oct  5 18:24:02 2021: The file /etc/a was modified
Tue Oct  5 18:24:02 2021: The file /var/www/html/a was modified
Tue Oct  5 18:24:03 2021: The file /etc/a was modified
Tue Oct  5 18:24:03 2021: The file /var/www/html/a was modified
Tue Oct  5 18:24:03 2021: The file /etc/a was modified
Tue Oct  5 18:24:03 2021: The file /var/www/html/a was modified
Tue Oct  5 18:24:04 2021: The file /etc/a was modified
Tue Oct  5 18:24:04 2021: The file /var/www/html/a was modified
Tue Oct  5 18:24:04 2021: The file /etc/a was modified
Tue Oct  5 18:24:04 2021: The file /var/www/html/a was modified
Tue Oct  5 18:24:05 2021: The file /etc/a was modified
Tue Oct  5 18:24:05 2021: The file /var/www/html/a was modified
Tue Oct  5 18:24:05 2021: The file /etc/a was modified
Tue Oct  5 18:24:05 2021: The file /var/www/html/a was modified
Tue Oct  5 18:24:06 2021: The file /etc/a was modified
Tue Oct  5 18:24:06 2021: The file /var/www/html/a was modified
Tue Oct  5 18:24:06 2021: The file /etc/a was modified
Tue Oct  5 18:24:06 2021: The file /var/www/html/a was modified
Tue Oct  5 18:24:07 2021: The file /etc/a was modified
Tue Oct  5 18:24:07 2021: The file /var/www/html/a was modified
Tue Oct  5 18:24:07 2021: The file /etc/a was modified
Tue Oct  5 18:24:07 2021: The file /var/www/html/a was modified
Tue Oct  5 18:24:08 2021: The file /etc/a was modified
Tue Oct  5 18:24:08 2021: The file /var/www/html/a was modified
Tue Oct  5 18:24:08 2021: The file /etc/a was modified
Tue Oct  5 18:24:08 2021: The file /var/www/html/a was modified
Tue Oct  5 18:24:09 2021: The file /etc/a was modified
Tue Oct  5 18:24:09 2021: The file /var/www/html/a was modified
Tue Oct  5 18:24:09 2021: The file /etc/a was modified
Tue Oct  5 18:24:09 2021: The file /var/www/html/a was modified
Tue Oct  5 18:24:10 2021: The file /etc/a was modified
Tue Oct  5 18:24:10 2021: The file /var/www/html/a was modified
Tue Oct  5 18:24:10 2021: The file /etc/a was modified
Tue Oct  5 18:24:10 2021: The file /var/www/html/a was modified
Tue Oct  5 18:24:11 2021: The file /etc/a was modified
Tue Oct  5 18:24:11 2021: The file /var/www/html/a was modified
Tue Oct  5 18:24:11 2021: The file /etc/a was modified
Tue Oct  5 18:24:11 2021: The file /var/www/html/a was modified
Tue Oct  5 18:24:12 2021: The file /etc/a was modified
Tue Oct  5 18:24:12 2021: The file /var/www/html/a was modified
Tue Oct  5 18:24:12 2021: The file /etc/a was modified
Tue Oct  5 18:24:12 2021: The file /var/www/html/a was modified
Tue Oct  5 18:24:13 2021: The file /etc/a was modified
Tue Oct  5 18:24:13 2021: The file /var/www/html/a was modified
Tue Oct  5 18:24:13 2021: The file /etc/a was modified
Tue Oct  5 18:24:13 2021: The file /var/www/html/a was modified
Tue Oct  5 18:24:14 2021: The file /etc/a was modified
Tue Oct  5 18:24:14 2021: The file /var/www/html/a was modified
Tue Oct  5 18:24:14 2021: The file /etc/a was modified
Tue Oct  5 18:24:14 2021: The file /var/www/html/a was modified
Tue Oct  5 18:24:15 2021: The file /etc/a was modified
Tue Oct  5 18:24:15 2021: The file /var/www/html/a was modified
Tue Oct  5 18:24:15 2021: The file /etc/a was modified
Tue Oct  5 18:24:15 2021: The file /var/www/html/a was modified
Tue Oct  5 18:24:16 2021: The file /etc/a was modified
Tue Oct  5 18:24:16 2021: The file /var/www/html/a was modified
Tue Oct  5 18:24:16 2021: The file /etc/a was modified
Tue Oct  5 18:24:16 2021: The file /var/www/html/a was modified
Tue Oct  5 18:24:17 2021: The file /etc/a was modified
Tue Oct  5 18:24:17 2021: The file /var/www/html/a was modified
Tue Oct  5 18:24:17 2021: The file /etc/a was modified
Tue Oct  5 18:24:17 2021: The file /var/www/html/a was modified
Tue Oct  5 18:24:18 2021: The file /etc/a was modified
Tue Oct  5 18:24:18 2021: The file /var/www/html/a was modified
Tue Oct  5 18:24:18 2021: The file /etc/a was modified
Tue Oct  5 18:24:18 2021: The file /var/www/html/a was modified
Tue Oct  5 18:24:19 2021: The file /etc/a was modified
Tue Oct  5 18:24:19 2021: The file /var/www/html/a was modified
Tue Oct  5 18:24:19 2021: The file /etc/a was modified
Tue Oct  5 18:24:19 2021: The file /var/www/html/a was modified
Tue Oct  5 18:24:20 2021: The file /etc/a was modified
Tue Oct  5 18:24:20 2021: The file /var/www/html/a was modified
Tue Oct  5 18:24:20 2021: The file /etc/a was modified
Tue Oct  5 18:24:20 2021: The file /var/www/html/a was modified
Tue Oct  5 18:24:21 2021: The file /etc/a was modified
Tue Oct  5 18:24:21 2021: The file /var/www/html/a was modified
Tue Oct  5 18:24:21 2021: The file /etc/a was modified
Tue Oct  5 18:24:21 2021: The file /var/www/html/a was modified
Tue Oct  5 18:24:22 2021: The file /etc/a was modified
Tue Oct  5 18:24:22 2021: The file /var/www/html/a was modified
Tue Oct  5 18:24:22 2021: The file /etc/a was modified
Tue Oct  5 18:24:22 2021: The file /var/www/html/a was modified
Tue Oct  5 18:24:23 2021: The file /etc/a was modified
Tue Oct  5 18:24:23 2021: The file /var/www/html/a was modified
Tue Oct  5 18:24:23 2021: The file /etc/a was modified
Tue Oct  5 18:25:23 2021: The file /var/www/html/a was modified
Tue Oct  5 18:25:24 2021: The file /var/www/html/a was modified
Tue Oct  5 18:25:24 2021: The file /var/www/html/a was modified
Tue Oct  5 18:25:25 2021: The file /var/www/html/a was modified
Tue Oct  5 18:25:25 2021: The file /var/www/html/a was modified
Tue Oct  5 18:25:26 2021: The file /var/www/html/a was modified
Tue Oct  5 18:25:26 2021: The file /var/www/html/a was modified
Tue Oct  5 18:26:12 2021: The file /var/www/html/a was modified
Tue Oct  5 18:26:13 2021: The file /var/www/html/a was modified
Tue Oct  5 18:26:13 2021: The file /var/www/html/a was modified
Tue Oct  5 18:26:14 2021: The file /var/www/html/a was modified
Tue Oct  5 18:26:14 2021: The file /var/www/html/a was modified
Tue Oct  5 18:26:15 2021: The file /var/www/html/a was modified
Tue Oct  5 18:26:15 2021: The file /var/www/html/a was modified
Tue Oct  5 18:26:16 2021: The file /var/www/html/a was modified
Tue Oct  5 18:26:16 2021: The file /var/www/html/a was modified
Tue Oct  5 18:26:17 2021: The file /var/www/html/a was modified
Tue Oct  5 18:26:17 2021: The file /var/www/html/a was modified
Tue Oct  5 18:26:18 2021: The file /var/www/html/a was modified
Tue Oct  5 18:26:18 2021: The file /var/www/html/a was modified
Tue Oct  5 18:26:19 2021: The file /var/www/html/a was modified
Tue Oct  5 18:26:19 2021: The file /var/www/html/a was modified
Tue Oct  5 18:26:20 2021: The file /var/www/html/a was modified
Tue Oct  5 18:26:20 2021: The file /var/www/html/a was modified
Tue Oct  5 18:26:21 2021: The file /var/www/html/a was modified
Tue Oct  5 18:26:21 2021: The file /var/www/html/a was modified
Tue Oct  5 18:26:22 2021: The file /var/www/html/a was modified
Tue Oct  5 18:26:22 2021: The file /var/www/html/a was modified
Tue Oct  5 18:26:23 2021: The file /var/www/html/a was modified
Tue Oct  5 18:26:23 2021: The file /var/www/html/a was modified
Tue Oct  5 18:26:24 2021: The file /var/www/html/a was modified
Tue Oct  5 18:26:24 2021: The file /var/www/html/a was modified
Tue Oct  5 18:26:25 2021: The file /var/www/html/a was modified
Tue Oct  5 18:26:25 2021: The file /var/www/html/a was modified
Tue Oct  5 18:26:26 2021: The file /var/www/html/a was modified
Tue Oct  5 18:26:26 2021: The file /var/www/html/a was modified
Tue Oct  5 18:26:27 2021: The file /var/www/html/a was modified
Tue Oct  5 18:26:27 2021: The file /var/www/html/a was modified
Tue Oct  5 18:26:28 2021: The file /var/www/html/a was modified
Tue Oct  5 18:26:28 2021: The file /var/www/html/a was modified
Tue Oct  5 18:26:29 2021: The file /var/www/html/a was modified
Tue Oct  5 18:26:29 2021: The file /var/www/html/a was modified
Tue Oct  5 18:26:30 2021: The file /var/www/html/a was modified
Tue Oct  5 18:26:30 2021: The file /var/www/html/a was modified
Tue Oct  5 18:26:31 2021: The file /var/www/html/a was modified
Tue Oct  5 18:26:31 2021: The file /var/www/html/a was modified
Tue Oct  5 18:26:32 2021: The file /var/www/html/a was modified
Tue Oct  5 18:26:32 2021: The file /var/www/html/a was modified
Tue Oct  5 18:26:33 2021: The file /var/www/html/a was modified
Tue Oct  5 18:26:33 2021: The file /var/www/html/a was modified
Tue Oct  5 18:26:34 2021: The file /var/www/html/a was modified
Tue Oct  5 18:26:34 2021: The file /var/www/html/a was modified
Tue Oct  5 18:26:35 2021: The file /var/www/html/a was modified
Tue Oct  5 18:26:35 2021: The file /var/www/html/a was modified
Tue Oct  5 18:26:36 2021: The file /var/www/html/a was modified
Tue Oct  5 18:26:36 2021: The file /var/www/html/a was modified
Tue Oct  5 18:26:37 2021: The file /var/www/html/a was modified
Tue Oct  5 18:31:00 2021: The directory /usr/share/radare2.dpkg-new was created
Tue Oct  5 18:31:00 2021: The directory /usr/share/radare2.dpkg-new was attribute was changed
Tue Oct  5 18:31:01 2021: The file /usr/bin/r2agent.dpkg-new was created
Tue Oct  5 18:31:01 2021: The file /usr/bin/r2agent.dpkg-new was modified
Tue Oct  5 18:31:01 2021: The file /usr/bin/radiff2.dpkg-new was attribute was changed
Tue Oct  5 18:31:01 2021: The file /usr/bin/ragg2.dpkg-new was attribute was changed
Tue Oct  5 18:31:01 2021: The file /usr/bin/rarun2.dpkg-new was created
Tue Oct  5 18:31:01 2021: The file /usr/bin/rasm2.dpkg-new was attribute was changed
Tue Oct  5 18:31:01 2021: The file /usr/bin/r2.dpkg-new was created
Tue Oct  5 18:31:01 2021: The file /usr/bin/r2agent.dpkg-new was moved out
Tue Oct  5 18:31:01 2021: The file /usr/bin/r2pm.dpkg-new was moved out
Tue Oct  5 18:31:01 2021: The file /usr/bin/rabin2.dpkg-new was moved out
Tue Oct  5 18:31:01 2021: The file /usr/bin/radare2.dpkg-new was moved out
Tue Oct  5 18:31:01 2021: The file /usr/bin/radiff2.dpkg-new was moved out
Tue Oct  5 18:31:01 2021: The file /usr/bin/ragg2.dpkg-new was moved out
Tue Oct  5 18:31:01 2021: The file /usr/bin/rahash2.dpkg-new was moved out
Tue Oct  5 18:31:01 2021: The file /usr/bin/rarun2.dpkg-new was moved out
Tue Oct  5 18:31:01 2021: The file /usr/bin/rasm2.dpkg-new was moved out
Tue Oct  5 18:31:01 2021: The file /usr/bin/rax2.dpkg-new was moved out
Tue Oct  5 18:31:01 2021: The file /usr/bin/r2.dpkg-new was moved out
Tue Oct  5 18:31:04 2021: The file /etc/ld.so.cache~ was created
Tue Oct  5 18:31:04 2021: The file /etc/ld.so.cache~ was modified
Tue Oct  5 18:31:04 2021: The file /etc/ld.so.cache~ was moved out
Tue Oct  5 18:31:04 2021: The file /etc/ld.so.cache was moved in
Tue Oct  5 18:31:31 2021: The file /usr/bin/r2 was deleted
Tue Oct  5 18:31:31 2021: The file /usr/bin/rax2 was deleted
Tue Oct  5 18:31:31 2021: The file /usr/bin/rasm2 was deleted
Tue Oct  5 18:31:31 2021: The file /usr/bin/r2agent was deleted
Tue Oct  5 18:31:59 2021: The file /var/www/html/a was deleted
Tue Oct  5 18:32:03 2021: The file /etc/a was deleted
Tue Oct  5 19:07:05 2021: The directory /var/www/html/test was created
Tue Oct  5 19:07:08 2021: The directory /var/www/html/test was deleted
Wed Oct  6 00:08:29 2021: The directory /var/www/html/a was created
Wed Oct  6 00:08:38 2021: The directory /var/www/html/a was deleted
Wed Oct  6 00:13:04 2021: The file /var/www/html/testing was created
Wed Oct  6 00:13:04 2021: The file /var/www/html/testing was attribute was changed
Wed Oct  6 00:13:04 2021: The directory /var/www/html/test was created
Wed Oct  6 00:13:11 2021: The file /var/www/html/testing was deleted
Wed Oct  6 00:13:18 2021: The directory /var/www/html/test was deleted
Wed Oct  6 13:04:28 2021: The file /var/log/syslog was modified
Wed Oct  6 13:04:28 2021: The file /var/log/syslog was modified
Wed Oct  6 13:04:32 2021: The file /var/log/auth.log was modified
Wed Oct  6 13:04:38 2021: The file /var/log/auth.log was modified
Wed Oct  6 13:04:38 2021: The file /var/log/auth.log was modified
Wed Oct  6 13:04:38 2021: The file /var/log/auth.log was modified
Wed Oct  6 13:04:38 2021: The file /var/log/auth.log was modified
Wed Oct  6 13:04:40 2021: The file /var/www/html/a was created
Wed Oct  6 13:04:51 2021: The file /var/www/html/a was deleted
Wed Oct  6 13:04:56 2021: The file /var/log/syslog was modified
Wed Oct  6 13:05:01 2021: The file /var/log/auth.log was modified
Wed Oct  6 13:05:01 2021: The file /var/log/syslog was modified
Wed Oct  6 13:05:01 2021: The file /var/log/auth.log was modified
Wed Oct  6 13:05:07 2021: The file /var/log/syslog was modified
Wed Oct  6 13:05:07 2021: The file /var/log/syslog was modified
Wed Oct  6 13:05:07 2021: The file /var/log/syslog was modified
Wed Oct  6 13:05:07 2021: The file /var/log/syslog was modified
Wed Oct  6 13:05:15 2021: The file /var/log/syslog was modified
Wed Oct  6 13:05:36 2021: The file /var/log/auth.log was modified
Wed Oct  6 13:05:38 2021: The file /var/log/syslog was modified
Wed Oct  6 13:05:38 2021: The file /var/log/syslog was modified
Wed Oct  6 13:05:45 2021: The file /var/log/auth.log was modified
Wed Oct  6 13:05:45 2021: The file /var/log/auth.log was modified
Wed Oct  6 13:05:45 2021: The file /var/log/auth.log was modified
Wed Oct  6 13:05:45 2021: The file /var/log/auth.log was modified
Wed Oct  6 13:05:45 2021: The file /var/log/auth.log was modified
Wed Oct  6 13:06:33 2021: The file /var/www/html/a was created
Wed Oct  6 13:06:33 2021: The file /var/www/html/a was modified
Wed Oct  6 13:06:33 2021: The file /etc/a was created
Wed Oct  6 13:06:33 2021: The file /etc/a was modified
Wed Oct  6 13:06:33 2021: The file /var/www/html/a was modified
Wed Oct  6 13:06:34 2021: The file /etc/a was modified
Wed Oct  6 13:06:34 2021: The file /var/www/html/a was modified
Wed Oct  6 13:06:34 2021: The file /etc/a was modified
Wed Oct  6 13:06:35 2021: The file /var/www/html/a was modified
Wed Oct  6 13:06:35 2021: The file /etc/a was modified
Wed Oct  6 13:06:35 2021: The file /var/www/html/a was modified
Wed Oct  6 13:06:35 2021: The file /etc/a was modified
Wed Oct  6 13:06:36 2021: The file /etc/a was modified
Wed Oct  6 13:06:36 2021: The file /var/www/html/a was modified
Wed Oct  6 13:06:36 2021: The file /etc/a was modified
Wed Oct  6 13:06:36 2021: The file /var/www/html/a was modified
Wed Oct  6 13:06:37 2021: The file /etc/a was modified
Wed Oct  6 13:06:37 2021: The file /var/www/html/a was modified
Wed Oct  6 13:06:37 2021: The file /etc/a was modified
Wed Oct  6 13:06:38 2021: The file /var/www/html/a was modified
Wed Oct  6 13:06:38 2021: The file /etc/a was modified
Wed Oct  6 13:06:38 2021: The file /var/www/html/a was modified
Wed Oct  6 13:06:38 2021: The file /etc/a was modified
Wed Oct  6 13:06:39 2021: The file /etc/a was modified
Wed Oct  6 13:06:39 2021: The file /var/www/html/a was modified
Wed Oct  6 13:06:39 2021: The file /etc/a was modified
Wed Oct  6 13:06:39 2021: The file /var/www/html/a was modified
Wed Oct  6 13:06:40 2021: The file /etc/a was modified
Wed Oct  6 13:06:40 2021: The file /var/www/html/a was modified
Wed Oct  6 13:06:40 2021: The file /etc/a was modified
Wed Oct  6 13:06:41 2021: The file /var/www/html/a was modified
Wed Oct  6 13:06:41 2021: The file /etc/a was modified
Wed Oct  6 13:06:41 2021: The file /var/www/html/a was modified
Wed Oct  6 13:06:41 2021: The file /etc/a was modified
Wed Oct  6 13:06:42 2021: The file /etc/a was modified
Wed Oct  6 13:06:42 2021: The file /var/www/html/a was modified
Wed Oct  6 13:06:42 2021: The file /etc/a was modified
Wed Oct  6 13:06:42 2021: The file /var/www/html/a was modified
Wed Oct  6 13:06:43 2021: The file /etc/a was modified
Wed Oct  6 13:06:43 2021: The file /var/www/html/a was modified
Wed Oct  6 13:06:43 2021: The file /etc/a was modified
Wed Oct  6 13:06:44 2021: The file /var/www/html/a was modified
Wed Oct  6 13:06:44 2021: The file /etc/a was modified
Wed Oct  6 13:06:44 2021: The file /var/www/html/a was modified
Wed Oct  6 13:06:44 2021: The file /etc/a was modified
Wed Oct  6 13:06:45 2021: The file /etc/a was modified
Wed Oct  6 13:06:45 2021: The file /var/www/html/a was modified
Wed Oct  6 13:06:45 2021: The file /etc/a was modified
Wed Oct  6 13:06:45 2021: The file /var/www/html/a was modified
Wed Oct  6 13:06:46 2021: The file /etc/a was modified
Wed Oct  6 13:06:46 2021: The file /var/www/html/a was modified
Wed Oct  6 13:06:46 2021: The file /etc/a was modified
Wed Oct  6 13:06:47 2021: The file /var/www/html/a was modified
Wed Oct  6 13:06:47 2021: The file /etc/a was modified
Wed Oct  6 13:06:47 2021: The file /var/www/html/a was modified
Wed Oct  6 13:06:47 2021: The file /etc/a was modified
Wed Oct  6 13:06:48 2021: The file /etc/a was modified
Wed Oct  6 13:06:48 2021: The file /var/www/html/a was modified
Wed Oct  6 13:06:48 2021: The file /etc/a was modified
Wed Oct  6 13:06:48 2021: The file /var/www/html/a was modified
Wed Oct  6 13:06:49 2021: The file /etc/a was modified
Wed Oct  6 13:06:49 2021: The file /var/www/html/a was modified
Wed Oct  6 13:06:49 2021: The file /etc/a was modified
Wed Oct  6 13:06:50 2021: The file /var/www/html/a was modified
Wed Oct  6 13:06:50 2021: The file /etc/a was modified
Wed Oct  6 13:06:50 2021: The file /var/www/html/a was modified
Wed Oct  6 13:06:50 2021: The file /etc/a was modified
Wed Oct  6 13:06:51 2021: The file /etc/a was modified
Wed Oct  6 13:06:51 2021: The file /var/www/html/a was modified
Wed Oct  6 13:06:51 2021: The file /etc/a was modified
Wed Oct  6 13:06:51 2021: The file /var/www/html/a was modified
Wed Oct  6 13:06:52 2021: The file /etc/a was modified
Wed Oct  6 13:06:52 2021: The file /var/www/html/a was modified
Wed Oct  6 13:06:52 2021: The file /etc/a was modified
Wed Oct  6 13:06:53 2021: The file /var/www/html/a was modified
Wed Oct  6 13:06:53 2021: The file /etc/a was modified
Wed Oct  6 13:06:53 2021: The file /var/www/html/a was modified
Wed Oct  6 13:06:53 2021: The file /etc/a was modified
Wed Oct  6 13:06:54 2021: The file /etc/a was modified
Wed Oct  6 13:06:54 2021: The file /var/www/html/a was modified
Wed Oct  6 13:06:54 2021: The file /etc/a was modified
Wed Oct  6 13:06:55 2021: The file /var/www/html/a was modified
Wed Oct  6 13:06:55 2021: The file /etc/a was modified
Wed Oct  6 13:06:55 2021: The file /var/www/html/a was modified
Wed Oct  6 13:06:55 2021: The file /etc/a was modified
Wed Oct  6 13:06:56 2021: The file /var/www/html/a was modified
Wed Oct  6 13:06:56 2021: The file /etc/a was modified
Wed Oct  6 13:06:56 2021: The file /var/www/html/a was modified
Wed Oct  6 13:06:56 2021: The file /etc/a was modified
Wed Oct  6 13:06:57 2021: The file /etc/a was modified
Wed Oct  6 13:06:57 2021: The file /var/www/html/a was modified
Wed Oct  6 13:06:57 2021: The file /etc/a was modified
Wed Oct  6 13:06:58 2021: The file /var/www/html/a was modified
Wed Oct  6 13:06:58 2021: The file /etc/a was modified
Wed Oct  6 13:06:58 2021: The file /var/www/html/a was modified
Wed Oct  6 13:06:59 2021: The file /var/www/html/a was modified
Wed Oct  6 13:06:59 2021: The file /var/www/html/a was modified
Wed Oct  6 13:07:00 2021: The file /var/www/html/a was modified
Wed Oct  6 13:07:01 2021: The file /var/www/html/a was modified
Wed Oct  6 13:07:01 2021: The file /var/www/html/a was modified
Wed Oct  6 13:07:02 2021: The file /var/www/html/a was modified
Wed Oct  6 13:07:02 2021: The file /var/www/html/a was modified
Wed Oct  6 13:07:26 2021: The file /var/www/html/a was modified
Wed Oct  6 13:07:27 2021: The file /var/www/html/a was modified
Wed Oct  6 13:07:28 2021: The file /var/www/html/a was modified
Wed Oct  6 13:07:28 2021: The file /var/www/html/a was modified
Wed Oct  6 13:07:29 2021: The file /var/www/html/a was modified
Wed Oct  6 13:07:29 2021: The file /var/www/html/a was modified
Wed Oct  6 13:07:30 2021: The file /var/www/html/a was modified
Wed Oct  6 13:07:31 2021: The file /var/www/html/a was modified
Wed Oct  6 13:07:31 2021: The file /var/www/html/a was modified
Wed Oct  6 13:07:32 2021: The file /var/www/html/a was modified
Wed Oct  6 13:07:32 2021: The file /var/www/html/a was modified
Wed Oct  6 13:07:33 2021: The file /var/www/html/a was modified
Wed Oct  6 13:07:34 2021: The file /var/www/html/a was modified
Wed Oct  6 13:07:35 2021: The file /var/www/html/a was modified
Wed Oct  6 13:07:36 2021: The file /var/www/html/a was modified
Wed Oct  6 13:07:37 2021: The file /var/www/html/a was modified
Wed Oct  6 13:07:37 2021: The file /var/www/html/a was modified
Wed Oct  6 13:07:38 2021: The file /var/www/html/a was modified
Wed Oct  6 13:07:38 2021: The file /var/www/html/a was modified
Wed Oct  6 13:07:39 2021: The file /var/www/html/a was modified
Wed Oct  6 13:07:40 2021: The file /var/www/html/a was modified
Wed Oct  6 13:07:40 2021: The file /var/www/html/a was modified
Wed Oct  6 13:07:41 2021: The file /var/www/html/a was modified
Wed Oct  6 13:07:41 2021: The file /var/www/html/a was modified
Wed Oct  6 13:07:42 2021: The file /var/www/html/a was modified
Wed Oct  6 13:07:43 2021: The file /var/www/html/a was modified
Wed Oct  6 13:07:43 2021: The file /var/www/html/a was modified
Wed Oct  6 13:07:44 2021: The file /var/www/html/a was modified
Wed Oct  6 13:07:44 2021: The file /var/www/html/a was modified
Wed Oct  6 13:07:45 2021: The file /var/www/html/a was modified
Wed Oct  6 13:07:46 2021: The file /var/www/html/a was modified
Wed Oct  6 13:07:46 2021: The file /var/www/html/a was modified
Wed Oct  6 13:07:47 2021: The file /var/www/html/a was modified
Wed Oct  6 13:07:47 2021: The file /var/www/html/a was modified
Wed Oct  6 13:07:48 2021: The file /var/www/html/a was modified
Wed Oct  6 13:07:49 2021: The file /var/www/html/a was modified
Wed Oct  6 13:07:49 2021: The file /var/www/html/a was modified
Wed Oct  6 13:07:50 2021: The file /var/www/html/a was modified
Wed Oct  6 13:07:50 2021: The file /var/www/html/a was modified
Wed Oct  6 13:07:51 2021: The file /var/www/html/a was modified
Wed Oct  6 13:07:52 2021: The file /var/www/html/a was modified
Wed Oct  6 13:07:52 2021: The file /var/www/html/a was modified
Wed Oct  6 13:07:53 2021: The file /var/www/html/a was modified
Wed Oct  6 13:07:53 2021: The file /var/www/html/a was modified
Wed Oct  6 13:07:54 2021: The file /var/www/html/a was modified
Wed Oct  6 13:07:55 2021: The file /var/www/html/a was modified
Wed Oct  6 13:07:55 2021: The file /var/www/html/a was modified
Wed Oct  6 13:07:56 2021: The file /var/www/html/a was modified
Wed Oct  6 13:08:04 2021: The file /var/log/auth.log was modified
Wed Oct  6 13:08:04 2021: The file /var/log/auth.log was modified
Wed Oct  6 13:08:05 2021: The file /var/log/syslog was modified
Wed Oct  6 13:08:05 2021: The file /var/log/syslog was modified
Wed Oct  6 13:08:05 2021: The file /var/log/syslog was modified
Wed Oct  6 13:08:05 2021: The file /var/log/syslog was modified
Wed Oct  6 13:08:05 2021: The file /var/log/syslog was modified
Wed Oct  6 13:08:06 2021: The file /var/log/auth.log was modified
Wed Oct  6 13:08:06 2021: The file /var/log/auth.log was modified
Wed Oct  6 13:08:07 2021: The file /var/log/syslog was modified
Wed Oct  6 13:08:07 2021: The file /var/log/syslog was modified
Wed Oct  6 13:08:38 2021: The file /var/log/syslog was modified
Wed Oct  6 13:08:38 2021: The file /var/log/syslog was modified
Wed Oct  6 13:08:46 2021: The file /var/log/syslog was modified
Wed Oct  6 13:08:46 2021: The file /var/log/syslog was modified
Wed Oct  6 13:11:25 2021: The file /var/log/syslog was modified
Wed Oct  6 13:11:25 2021: The file /var/log/syslog was modified
